<?xml version="1.0" encoding="UTF-8"?>
<testsuite name="MainKtTest" tests="6" skipped="0" failures="0" errors="0" timestamp="2021-04-29T19:15:57" hostname="NB36-206" time="0.028">
  <properties/>
  <testcase name="positiveArray()" classname="MainKtTest" time="0.02"/>
  <testcase name="segregate()" classname="MainKtTest" time="0.002"/>
  <testcase name="arrayLengthOverflow()" classname="MainKtTest" time="0.003"/>
  <testcase name="intRange()" classname="MainKtTest" time="0.001"/>
  <testcase name="arrayIsEmpty()" classname="MainKtTest" time="0.0"/>
  <testcase name="findMissingPositive()" classname="MainKtTest" time="0.0"/>
  <system-out><![CDATA[]]></system-out>
  <system-err><![CDATA[]]></system-err>
</testsuite>
